[0.574s] Invoking command in '/home/ilknur/ros2_server_client_ws/src/server_client_pkg': PYTHONPATH=/home/ilknur/ros2_server_client_ws/build/server_client_pkg/prefix_override:/usr/lib/python3/dist-packages/colcon_core/task/python/colcon_distutils_commands:/home/ilknur/ros2_server_client_ws/install/server_client_pkg/lib/python3.10/site-packages:${PYTHONPATH} /usr/bin/python3 -W ignore:setup.py install is deprecated setup.py egg_info --egg-base ../../build/server_client_pkg build --build-base /home/ilknur/ros2_server_client_ws/build/server_client_pkg/build install --record /home/ilknur/ros2_server_client_ws/build/server_client_pkg/install.log --single-version-externally-managed install_data
[0.776s] running egg_info
[0.776s] creating ../../build/server_client_pkg/server_client_pkg.egg-info
[0.777s] writing ../../build/server_client_pkg/server_client_pkg.egg-info/PKG-INFO
[0.777s] writing dependency_links to ../../build/server_client_pkg/server_client_pkg.egg-info/dependency_links.txt
[0.777s] writing entry points to ../../build/server_client_pkg/server_client_pkg.egg-info/entry_points.txt
[0.777s] writing requirements to ../../build/server_client_pkg/server_client_pkg.egg-info/requires.txt
[0.777s] writing top-level names to ../../build/server_client_pkg/server_client_pkg.egg-info/top_level.txt
[0.777s] writing manifest file '../../build/server_client_pkg/server_client_pkg.egg-info/SOURCES.txt'
[0.778s] reading manifest file '../../build/server_client_pkg/server_client_pkg.egg-info/SOURCES.txt'
[0.778s] adding license file 'LICENSE'
[0.779s] writing manifest file '../../build/server_client_pkg/server_client_pkg.egg-info/SOURCES.txt'
[0.779s] running build
[0.779s] running build_py
[0.779s] creating /home/ilknur/ros2_server_client_ws/build/server_client_pkg/build
[0.779s] creating /home/ilknur/ros2_server_client_ws/build/server_client_pkg/build/lib
[0.779s] creating /home/ilknur/ros2_server_client_ws/build/server_client_pkg/build/lib/server_client_pkg
[0.779s] copying server_client_pkg/__init__.py -> /home/ilknur/ros2_server_client_ws/build/server_client_pkg/build/lib/server_client_pkg
[0.779s] running install
[0.780s] running install_lib
[0.780s] creating /home/ilknur/ros2_server_client_ws/install/server_client_pkg/lib/python3.10/site-packages/server_client_pkg
[0.780s] copying /home/ilknur/ros2_server_client_ws/build/server_client_pkg/build/lib/server_client_pkg/__init__.py -> /home/ilknur/ros2_server_client_ws/install/server_client_pkg/lib/python3.10/site-packages/server_client_pkg
[0.781s] byte-compiling /home/ilknur/ros2_server_client_ws/install/server_client_pkg/lib/python3.10/site-packages/server_client_pkg/__init__.py to __init__.cpython-310.pyc
[0.781s] running install_data
[0.781s] creating /home/ilknur/ros2_server_client_ws/install/server_client_pkg/share/ament_index
[0.781s] creating /home/ilknur/ros2_server_client_ws/install/server_client_pkg/share/ament_index/resource_index
[0.781s] creating /home/ilknur/ros2_server_client_ws/install/server_client_pkg/share/ament_index/resource_index/packages
[0.781s] copying resource/server_client_pkg -> /home/ilknur/ros2_server_client_ws/install/server_client_pkg/share/ament_index/resource_index/packages
[0.781s] copying package.xml -> /home/ilknur/ros2_server_client_ws/install/server_client_pkg/share/server_client_pkg
[0.781s] running install_egg_info
[0.782s] Copying ../../build/server_client_pkg/server_client_pkg.egg-info to /home/ilknur/ros2_server_client_ws/install/server_client_pkg/lib/python3.10/site-packages/server_client_pkg-0.0.0-py3.10.egg-info
[0.783s] running install_scripts
[0.798s] writing list of installed files to '/home/ilknur/ros2_server_client_ws/build/server_client_pkg/install.log'
[0.817s] Invoked command in '/home/ilknur/ros2_server_client_ws/src/server_client_pkg' returned '0': PYTHONPATH=/home/ilknur/ros2_server_client_ws/build/server_client_pkg/prefix_override:/usr/lib/python3/dist-packages/colcon_core/task/python/colcon_distutils_commands:/home/ilknur/ros2_server_client_ws/install/server_client_pkg/lib/python3.10/site-packages:${PYTHONPATH} /usr/bin/python3 -W ignore:setup.py install is deprecated setup.py egg_info --egg-base ../../build/server_client_pkg build --build-base /home/ilknur/ros2_server_client_ws/build/server_client_pkg/build install --record /home/ilknur/ros2_server_client_ws/build/server_client_pkg/install.log --single-version-externally-managed install_data
